2023/01/07 19:06:53 [notice] 1#1: using the "epoll" event method
2023/01/07 19:06:53 [notice] 1#1: nginx/1.23.3
2023/01/07 19:06:53 [notice] 1#1: built by gcc 10.2.1 20210110 (Debian 10.2.1-6) 
2023/01/07 19:06:53 [notice] 1#1: OS: Linux 6.0.15-200.fc36.x86_64
2023/01/07 19:06:53 [notice] 1#1: getrlimit(RLIMIT_NOFILE): 1073741816:1073741816
2023/01/07 19:06:53 [notice] 1#1: start worker processes
2023/01/07 19:06:53 [notice] 1#1: start worker process 34
2023/01/07 19:06:53 [notice] 1#1: start worker process 35
2023/01/07 19:06:53 [notice] 1#1: start worker process 36
2023/01/07 19:06:53 [notice] 1#1: start worker process 37
2023/01/07 19:07:44 [error] 34#34: *1 "/var/www/html/b/1.jpg/index.html" is not found (2: No such file or directory), client: 172.24.0.1, server: localhost, request: "GET /b/1.jpg/ HTTP/1.1", host: "localhost"
2023/01/07 19:08:26 [error] 34#34: *1 "/var/www/html/b/1.jpg/index.html" is not found (2: No such file or directory), client: 172.24.0.1, server: localhost, request: "GET /b/1.jpg/ HTTP/1.1", host: "localhost"
2023/01/07 19:09:45 [error] 35#35: *2 "/var/www/html/1.jpg/index.html" is not found (2: No such file or directory), client: 172.24.0.1, server: localhost, request: "GET /1.jpg/ HTTP/1.1", host: "localhost"
2023/01/07 19:13:59 [notice] 1#1: signal 3 (SIGQUIT) received, shutting down
2023/01/07 19:13:59 [notice] 36#36: gracefully shutting down
2023/01/07 19:13:59 [notice] 34#34: gracefully shutting down
2023/01/07 19:13:59 [notice] 36#36: exiting
2023/01/07 19:13:59 [notice] 35#35: gracefully shutting down
2023/01/07 19:13:59 [notice] 34#34: exiting
2023/01/07 19:13:59 [notice] 35#35: exiting
2023/01/07 19:13:59 [notice] 36#36: exit
2023/01/07 19:13:59 [notice] 34#34: exit
2023/01/07 19:13:59 [notice] 35#35: exit
2023/01/07 19:13:59 [notice] 37#37: gracefully shutting down
2023/01/07 19:13:59 [notice] 37#37: exiting
2023/01/07 19:13:59 [notice] 37#37: exit
2023/01/07 19:13:59 [notice] 1#1: signal 17 (SIGCHLD) received from 36
2023/01/07 19:13:59 [notice] 1#1: worker process 36 exited with code 0
2023/01/07 19:13:59 [notice] 1#1: signal 29 (SIGIO) received
2023/01/07 19:13:59 [notice] 1#1: signal 17 (SIGCHLD) received from 35
2023/01/07 19:13:59 [notice] 1#1: worker process 35 exited with code 0
2023/01/07 19:13:59 [notice] 1#1: signal 29 (SIGIO) received
2023/01/07 19:13:59 [notice] 1#1: signal 17 (SIGCHLD) received from 34
2023/01/07 19:13:59 [notice] 1#1: worker process 34 exited with code 0
2023/01/07 19:13:59 [notice] 1#1: signal 29 (SIGIO) received
2023/01/07 19:13:59 [notice] 1#1: signal 17 (SIGCHLD) received from 37
2023/01/07 19:13:59 [notice] 1#1: worker process 37 exited with code 0
2023/01/07 19:13:59 [notice] 1#1: exit
2023/01/07 19:17:24 [notice] 1#1: using the "epoll" event method
2023/01/07 19:17:24 [notice] 1#1: nginx/1.23.3
2023/01/07 19:17:24 [notice] 1#1: built by gcc 10.2.1 20210110 (Debian 10.2.1-6) 
2023/01/07 19:17:24 [notice] 1#1: OS: Linux 6.0.15-200.fc36.x86_64
2023/01/07 19:17:24 [notice] 1#1: getrlimit(RLIMIT_NOFILE): 1073741816:1073741816
2023/01/07 19:17:24 [notice] 1#1: start worker processes
2023/01/07 19:17:24 [notice] 1#1: start worker process 34
2023/01/07 19:17:24 [notice] 1#1: start worker process 35
2023/01/07 19:17:24 [notice] 1#1: start worker process 36
2023/01/07 19:17:24 [notice] 1#1: start worker process 37
2023/01/07 19:17:31 [error] 34#34: *1 "/var/www/html/1.jpg/index.html" is not found (2: No such file or directory), client: 172.25.0.1, server: localhost, request: "GET /1.jpg/ HTTP/1.1", host: "localhost"
2023/01/07 19:19:10 [error] 36#36: *2 "/var/www/html/images/1.jpg/index.html" is not found (20: Not a directory), client: 172.25.0.1, server: localhost, request: "GET /images/1.jpg/ HTTP/1.1", host: "localhost"
2023/01/07 19:23:39 [notice] 1#1: signal 3 (SIGQUIT) received, shutting down
2023/01/07 19:23:39 [notice] 36#36: gracefully shutting down
2023/01/07 19:23:39 [notice] 34#34: gracefully shutting down
2023/01/07 19:23:39 [notice] 36#36: exiting
2023/01/07 19:23:39 [notice] 35#35: gracefully shutting down
2023/01/07 19:23:39 [notice] 34#34: exiting
2023/01/07 19:23:39 [notice] 36#36: exit
2023/01/07 19:23:39 [notice] 35#35: exiting
2023/01/07 19:23:39 [notice] 34#34: exit
2023/01/07 19:23:39 [notice] 35#35: exit
2023/01/07 19:23:39 [notice] 37#37: gracefully shutting down
2023/01/07 19:23:39 [notice] 37#37: exiting
2023/01/07 19:23:39 [notice] 37#37: exit
2023/01/07 19:23:39 [notice] 1#1: signal 17 (SIGCHLD) received from 36
2023/01/07 19:23:39 [notice] 1#1: worker process 36 exited with code 0
2023/01/07 19:23:39 [notice] 1#1: signal 29 (SIGIO) received
2023/01/07 19:23:39 [notice] 1#1: signal 17 (SIGCHLD) received from 35
2023/01/07 19:23:39 [notice] 1#1: worker process 34 exited with code 0
2023/01/07 19:23:39 [notice] 1#1: worker process 35 exited with code 0
2023/01/07 19:23:39 [notice] 1#1: signal 29 (SIGIO) received
2023/01/07 19:23:39 [notice] 1#1: signal 17 (SIGCHLD) received from 37
2023/01/07 19:23:39 [notice] 1#1: worker process 37 exited with code 0
2023/01/07 19:23:39 [notice] 1#1: exit
2023/01/07 19:24:58 [notice] 1#1: using the "epoll" event method
2023/01/07 19:24:58 [notice] 1#1: nginx/1.23.3
2023/01/07 19:24:58 [notice] 1#1: built by gcc 10.2.1 20210110 (Debian 10.2.1-6) 
2023/01/07 19:24:58 [notice] 1#1: OS: Linux 6.0.15-200.fc36.x86_64
2023/01/07 19:24:58 [notice] 1#1: getrlimit(RLIMIT_NOFILE): 1073741816:1073741816
2023/01/07 19:24:58 [notice] 1#1: start worker processes
2023/01/07 19:24:58 [notice] 1#1: start worker process 34
2023/01/07 19:24:58 [notice] 1#1: start worker process 35
2023/01/07 19:24:58 [notice] 1#1: start worker process 36
2023/01/07 19:24:58 [notice] 1#1: start worker process 37
2023/01/07 19:26:06 [error] 34#34: *1 "/var/www/html/images/1.jpg/index.html" is not found (20: Not a directory), client: 172.26.0.1, server: localhost, request: "GET /images/1.jpg/ HTTP/1.1", host: "localhost"
2023/01/07 19:26:49 [error] 34#34: *1 "/var/www/html/1.jpg/index.html" is not found (2: No such file or directory), client: 172.26.0.1, server: localhost, request: "GET /1.jpg/ HTTP/1.1", host: "localhost"
2023/01/07 19:27:06 [error] 34#34: *1 "/var/www/html/1.jpg/index.html" is not found (2: No such file or directory), client: 172.26.0.1, server: localhost, request: "GET /1.jpg/ HTTP/1.1", host: "localhost"
2023/01/07 19:27:15 [error] 34#34: *1 "/var/www/html/1.jpg/index.html" is not found (2: No such file or directory), client: 172.26.0.1, server: localhost, request: "GET /1.jpg/ HTTP/1.1", host: "localhost"
2023/01/07 19:28:47 [notice] 1#1: signal 3 (SIGQUIT) received, shutting down
2023/01/07 19:28:47 [notice] 37#37: gracefully shutting down
2023/01/07 19:28:47 [notice] 35#35: gracefully shutting down
2023/01/07 19:28:47 [notice] 37#37: exiting
2023/01/07 19:28:47 [notice] 35#35: exiting
2023/01/07 19:28:47 [notice] 35#35: exit
2023/01/07 19:28:47 [notice] 37#37: exit
2023/01/07 19:28:47 [notice] 34#34: gracefully shutting down
2023/01/07 19:28:47 [notice] 34#34: exiting
2023/01/07 19:28:47 [notice] 34#34: exit
2023/01/07 19:28:47 [notice] 36#36: gracefully shutting down
2023/01/07 19:28:47 [notice] 36#36: exiting
2023/01/07 19:28:47 [notice] 36#36: exit
2023/01/07 19:28:47 [notice] 1#1: signal 17 (SIGCHLD) received from 34
2023/01/07 19:28:47 [notice] 1#1: worker process 34 exited with code 0
2023/01/07 19:28:47 [notice] 1#1: signal 29 (SIGIO) received
2023/01/07 19:28:47 [notice] 1#1: signal 17 (SIGCHLD) received from 37
2023/01/07 19:28:47 [notice] 1#1: worker process 37 exited with code 0
2023/01/07 19:28:47 [notice] 1#1: signal 29 (SIGIO) received
2023/01/07 19:28:47 [notice] 1#1: signal 17 (SIGCHLD) received from 36
2023/01/07 19:28:47 [notice] 1#1: worker process 36 exited with code 0
2023/01/07 19:28:47 [notice] 1#1: signal 29 (SIGIO) received
2023/01/07 19:28:47 [notice] 1#1: signal 17 (SIGCHLD) received from 35
2023/01/07 19:28:47 [notice] 1#1: worker process 35 exited with code 0
2023/01/07 19:28:47 [notice] 1#1: exit
2023/01/07 19:29:58 [notice] 1#1: using the "epoll" event method
2023/01/07 19:29:58 [notice] 1#1: nginx/1.23.3
2023/01/07 19:29:58 [notice] 1#1: built by gcc 10.2.1 20210110 (Debian 10.2.1-6) 
2023/01/07 19:29:58 [notice] 1#1: OS: Linux 6.0.15-200.fc36.x86_64
2023/01/07 19:29:58 [notice] 1#1: getrlimit(RLIMIT_NOFILE): 1073741816:1073741816
2023/01/07 19:29:58 [notice] 1#1: start worker processes
2023/01/07 19:29:58 [notice] 1#1: start worker process 33
2023/01/07 19:29:58 [notice] 1#1: start worker process 34
2023/01/07 19:29:58 [notice] 1#1: start worker process 35
2023/01/07 19:29:58 [notice] 1#1: start worker process 36
2023/01/07 19:30:03 [error] 33#33: *1 "/var/www/html/1.jpg/index.html" is not found (2: No such file or directory), client: 172.27.0.1, server: localhost, request: "GET /1.jpg/ HTTP/1.1", host: "localhost"
2023/01/07 19:30:04 [error] 33#33: *1 "/var/www/html/1.jpg/index.html" is not found (2: No such file or directory), client: 172.27.0.1, server: localhost, request: "GET /1.jpg/ HTTP/1.1", host: "localhost"
2023/01/07 19:30:42 [error] 33#33: *1 "/var/www/html/1.jpg/index.html" is not found (2: No such file or directory), client: 172.27.0.1, server: localhost, request: "GET /1.jpg/ HTTP/1.1", host: "localhost"
2023/01/07 19:30:43 [error] 33#33: *1 "/var/www/html/1.jpg/index.html" is not found (2: No such file or directory), client: 172.27.0.1, server: localhost, request: "GET /1.jpg/ HTTP/1.1", host: "localhost"
2023/01/07 19:30:54 [error] 33#33: *1 "/var/www/html/1.jpg/index.html" is not found (2: No such file or directory), client: 172.27.0.1, server: localhost, request: "GET /1.jpg/ HTTP/1.1", host: "localhost"
2023/01/07 19:30:54 [error] 33#33: *1 "/var/www/html/1.jpg/index.html" is not found (2: No such file or directory), client: 172.27.0.1, server: localhost, request: "GET /1.jpg/ HTTP/1.1", host: "localhost"
2023/01/07 19:31:31 [error] 33#33: *1 "/var/www/html/1.jpg/index.html" is not found (2: No such file or directory), client: 172.27.0.1, server: localhost, request: "GET /1.jpg/ HTTP/1.1", host: "localhost"
2023/01/07 19:31:37 [error] 33#33: *1 "/var/www/html/images/1.jpg/index.html" is not found (20: Not a directory), client: 172.27.0.1, server: localhost, request: "GET /images/1.jpg/ HTTP/1.1", host: "localhost"
2023/01/07 19:32:15 [error] 33#33: *1 "/var/www/html/images/1.jpg/index.html" is not found (20: Not a directory), client: 172.27.0.1, server: localhost, request: "GET /images/1.jpg/ HTTP/1.1", host: "localhost"
2023/01/07 19:32:49 [error] 33#33: *1 "/var/www/html/images/1.jpg/index.html" is not found (20: Not a directory), client: 172.27.0.1, server: localhost, request: "GET /images/1.jpg/ HTTP/1.1", host: "localhost"
2023/01/07 19:33:06 [notice] 1#1: signal 3 (SIGQUIT) received, shutting down
2023/01/07 19:33:06 [notice] 35#35: gracefully shutting down
2023/01/07 19:33:06 [notice] 33#33: gracefully shutting down
2023/01/07 19:33:06 [notice] 34#34: gracefully shutting down
2023/01/07 19:33:06 [notice] 35#35: exiting
2023/01/07 19:33:06 [notice] 34#34: exiting
2023/01/07 19:33:06 [notice] 35#35: exit
2023/01/07 19:33:06 [notice] 33#33: exiting
2023/01/07 19:33:06 [notice] 34#34: exit
2023/01/07 19:33:06 [notice] 33#33: exit
2023/01/07 19:33:06 [notice] 36#36: gracefully shutting down
2023/01/07 19:33:06 [notice] 36#36: exiting
2023/01/07 19:33:06 [notice] 36#36: exit
2023/01/07 19:33:06 [notice] 1#1: signal 17 (SIGCHLD) received from 34
2023/01/07 19:33:06 [notice] 1#1: worker process 33 exited with code 0
2023/01/07 19:33:06 [notice] 1#1: worker process 34 exited with code 0
2023/01/07 19:33:06 [notice] 1#1: signal 29 (SIGIO) received
2023/01/07 19:33:06 [notice] 1#1: signal 17 (SIGCHLD) received from 36
2023/01/07 19:33:06 [notice] 1#1: worker process 36 exited with code 0
2023/01/07 19:33:06 [notice] 1#1: signal 29 (SIGIO) received
2023/01/07 19:33:06 [notice] 1#1: signal 17 (SIGCHLD) received from 35
2023/01/07 19:33:06 [notice] 1#1: worker process 35 exited with code 0
2023/01/07 19:33:06 [notice] 1#1: exit
2023/01/07 19:33:29 [notice] 1#1: using the "epoll" event method
2023/01/07 19:33:29 [notice] 1#1: nginx/1.23.3
2023/01/07 19:33:29 [notice] 1#1: built by gcc 10.2.1 20210110 (Debian 10.2.1-6) 
2023/01/07 19:33:29 [notice] 1#1: OS: Linux 6.0.15-200.fc36.x86_64
2023/01/07 19:33:29 [notice] 1#1: getrlimit(RLIMIT_NOFILE): 1073741816:1073741816
2023/01/07 19:33:29 [notice] 1#1: start worker processes
2023/01/07 19:33:29 [notice] 1#1: start worker process 34
2023/01/07 19:33:29 [notice] 1#1: start worker process 35
2023/01/07 19:33:29 [notice] 1#1: start worker process 36
2023/01/07 19:33:29 [notice] 1#1: start worker process 37
2023/01/07 19:33:32 [error] 35#35: *1 "/var/www/html/images/1.jpg/index.html" is not found (20: Not a directory), client: 172.28.0.1, server: localhost, request: "GET /images/1.jpg/ HTTP/1.1", host: "localhost"
2023/01/07 19:33:33 [error] 35#35: *1 "/var/www/html/images/1.jpg/index.html" is not found (20: Not a directory), client: 172.28.0.1, server: localhost, request: "GET /images/1.jpg/ HTTP/1.1", host: "localhost"
2023/01/07 19:38:49 [error] 36#36: *4 "/var/www/html/images/1.jpg/index.html" is not found (20: Not a directory), client: 172.28.0.1, server: localhost, request: "GET /images/1.jpg/ HTTP/1.1", host: "localhost"
2023/01/07 19:42:53 [error] 35#35: *7 open() "/var/www/html/favicon.ico" failed (2: No such file or directory), client: 172.28.0.1, server: localhost, request: "GET /favicon.ico HTTP/1.1", host: "localhost", referrer: "http://localhost/images/1.jpg"
2023/01/07 19:43:24 [notice] 1#1: signal 3 (SIGQUIT) received, shutting down
2023/01/07 19:43:24 [notice] 34#34: gracefully shutting down
2023/01/07 19:43:24 [notice] 36#36: gracefully shutting down
2023/01/07 19:43:24 [notice] 35#35: gracefully shutting down
2023/01/07 19:43:24 [notice] 34#34: exiting
2023/01/07 19:43:24 [notice] 37#37: gracefully shutting down
2023/01/07 19:43:24 [notice] 36#36: exiting
2023/01/07 19:43:24 [notice] 34#34: exit
2023/01/07 19:43:24 [notice] 37#37: exiting
2023/01/07 19:43:24 [notice] 36#36: exit
2023/01/07 19:43:24 [notice] 37#37: exit
2023/01/07 19:43:24 [notice] 1#1: signal 17 (SIGCHLD) received from 37
2023/01/07 19:43:24 [notice] 1#1: worker process 37 exited with code 0
2023/01/07 19:43:24 [notice] 1#1: signal 29 (SIGIO) received
2023/01/07 19:43:24 [notice] 1#1: signal 17 (SIGCHLD) received from 36
2023/01/07 19:43:24 [notice] 1#1: worker process 36 exited with code 0
2023/01/07 19:43:24 [notice] 1#1: signal 29 (SIGIO) received
2023/01/07 19:43:24 [notice] 1#1: signal 17 (SIGCHLD) received from 34
2023/01/07 19:43:24 [notice] 1#1: worker process 34 exited with code 0
2023/01/07 19:43:24 [notice] 1#1: signal 29 (SIGIO) received
2023/01/07 19:43:41 [notice] 1#1: using the "epoll" event method
2023/01/07 19:43:41 [notice] 1#1: nginx/1.23.3
2023/01/07 19:43:41 [notice] 1#1: built by gcc 10.2.1 20210110 (Debian 10.2.1-6) 
2023/01/07 19:43:41 [notice] 1#1: OS: Linux 6.0.15-200.fc36.x86_64
2023/01/07 19:43:41 [notice] 1#1: getrlimit(RLIMIT_NOFILE): 1073741816:1073741816
2023/01/07 19:43:41 [notice] 1#1: start worker processes
2023/01/07 19:43:41 [notice] 1#1: start worker process 34
2023/01/07 19:43:41 [notice] 1#1: start worker process 35
2023/01/07 19:43:41 [notice] 1#1: start worker process 36
2023/01/07 19:43:41 [notice] 1#1: start worker process 37
2023/01/07 19:46:43 [notice] 1#1: signal 3 (SIGQUIT) received, shutting down
2023/01/07 19:46:43 [notice] 34#34: gracefully shutting down
2023/01/07 19:46:43 [notice] 35#35: gracefully shutting down
2023/01/07 19:46:43 [notice] 37#37: gracefully shutting down
2023/01/07 19:46:43 [notice] 34#34: exiting
2023/01/07 19:46:43 [notice] 35#35: exiting
2023/01/07 19:46:43 [notice] 37#37: exiting
2023/01/07 19:46:43 [notice] 34#34: exit
2023/01/07 19:46:43 [notice] 35#35: exit
2023/01/07 19:46:43 [notice] 37#37: exit
2023/01/07 19:46:43 [notice] 36#36: gracefully shutting down
2023/01/07 19:46:43 [notice] 36#36: exiting
2023/01/07 19:46:43 [notice] 36#36: exit
2023/01/07 19:46:43 [notice] 1#1: signal 17 (SIGCHLD) received from 34
2023/01/07 19:46:43 [notice] 1#1: worker process 34 exited with code 0
2023/01/07 19:46:43 [notice] 1#1: signal 29 (SIGIO) received
2023/01/07 19:46:43 [notice] 1#1: signal 17 (SIGCHLD) received from 35
2023/01/07 19:46:43 [notice] 1#1: worker process 35 exited with code 0
2023/01/07 19:46:43 [notice] 1#1: worker process 36 exited with code 0
2023/01/07 19:46:43 [notice] 1#1: signal 29 (SIGIO) received
2023/01/07 19:46:43 [notice] 1#1: signal 17 (SIGCHLD) received from 37
2023/01/07 19:46:43 [notice] 1#1: worker process 37 exited with code 0
2023/01/07 19:46:43 [notice] 1#1: exit
2023/01/07 19:46:47 [notice] 1#1: using the "epoll" event method
2023/01/07 19:46:47 [notice] 1#1: nginx/1.23.3
2023/01/07 19:46:47 [notice] 1#1: built by gcc 10.2.1 20210110 (Debian 10.2.1-6) 
2023/01/07 19:46:47 [notice] 1#1: OS: Linux 6.0.15-200.fc36.x86_64
2023/01/07 19:46:47 [notice] 1#1: getrlimit(RLIMIT_NOFILE): 1073741816:1073741816
2023/01/07 19:46:47 [notice] 1#1: start worker processes
2023/01/07 19:46:47 [notice] 1#1: start worker process 34
2023/01/07 19:46:47 [notice] 1#1: start worker process 35
2023/01/07 19:46:47 [notice] 1#1: start worker process 36
2023/01/07 19:46:47 [notice] 1#1: start worker process 37
2023/01/07 19:48:57 [notice] 1#1: signal 3 (SIGQUIT) received, shutting down
2023/01/07 19:48:57 [notice] 35#35: gracefully shutting down
2023/01/07 19:48:57 [notice] 37#37: gracefully shutting down
2023/01/07 19:48:57 [notice] 34#34: gracefully shutting down
2023/01/07 19:48:57 [notice] 35#35: exiting
2023/01/07 19:48:57 [notice] 37#37: exiting
2023/01/07 19:48:57 [notice] 34#34: exiting
2023/01/07 19:48:57 [notice] 37#37: exit
2023/01/07 19:48:57 [notice] 35#35: exit
2023/01/07 19:48:57 [notice] 34#34: exit
2023/01/07 19:48:57 [notice] 36#36: gracefully shutting down
2023/01/07 19:48:57 [notice] 36#36: exiting
2023/01/07 19:48:57 [notice] 36#36: exit
2023/01/07 19:48:57 [notice] 1#1: signal 17 (SIGCHLD) received from 34
2023/01/07 19:48:57 [notice] 1#1: worker process 34 exited with code 0
2023/01/07 19:48:57 [notice] 1#1: signal 29 (SIGIO) received
2023/01/07 19:48:57 [notice] 1#1: signal 17 (SIGCHLD) received from 35
2023/01/07 19:48:57 [notice] 1#1: worker process 35 exited with code 0
2023/01/07 19:48:57 [notice] 1#1: signal 29 (SIGIO) received
2023/01/07 19:48:57 [notice] 1#1: signal 17 (SIGCHLD) received from 37
2023/01/07 19:48:57 [notice] 1#1: worker process 37 exited with code 0
2023/01/07 19:48:57 [notice] 1#1: signal 29 (SIGIO) received
2023/01/07 19:48:57 [notice] 1#1: signal 17 (SIGCHLD) received from 36
2023/01/07 19:48:57 [notice] 1#1: worker process 36 exited with code 0
2023/01/07 19:48:57 [notice] 1#1: exit
2023/01/07 19:49:01 [notice] 1#1: using the "epoll" event method
2023/01/07 19:49:01 [notice] 1#1: nginx/1.23.3
2023/01/07 19:49:01 [notice] 1#1: built by gcc 10.2.1 20210110 (Debian 10.2.1-6) 
2023/01/07 19:49:01 [notice] 1#1: OS: Linux 6.0.15-200.fc36.x86_64
2023/01/07 19:49:01 [notice] 1#1: getrlimit(RLIMIT_NOFILE): 1073741816:1073741816
2023/01/07 19:49:01 [notice] 1#1: start worker processes
2023/01/07 19:49:01 [notice] 1#1: start worker process 34
2023/01/07 19:49:01 [notice] 1#1: start worker process 35
2023/01/07 19:49:01 [notice] 1#1: start worker process 36
2023/01/07 19:49:01 [notice] 1#1: start worker process 37
2023/01/07 19:49:35 [error] 34#34: *1 open() "/var/www/html/images/jpg" failed (2: No such file or directory), client: 172.31.0.1, server: localhost, request: "HEAD /1.jpg HTTP/1.1", host: "localhost"
2023/01/07 19:52:19 [notice] 1#1: signal 3 (SIGQUIT) received, shutting down
2023/01/07 19:52:19 [notice] 36#36: gracefully shutting down
2023/01/07 19:52:19 [notice] 34#34: gracefully shutting down
2023/01/07 19:52:19 [notice] 36#36: exiting
2023/01/07 19:52:19 [notice] 35#35: gracefully shutting down
2023/01/07 19:52:19 [notice] 34#34: exiting
2023/01/07 19:52:19 [notice] 36#36: exit
2023/01/07 19:52:19 [notice] 35#35: exiting
2023/01/07 19:52:19 [notice] 37#37: gracefully shutting down
2023/01/07 19:52:19 [notice] 34#34: exit
2023/01/07 19:52:19 [notice] 35#35: exit
2023/01/07 19:52:19 [notice] 37#37: exiting
2023/01/07 19:52:19 [notice] 37#37: exit
2023/01/07 19:52:19 [notice] 1#1: signal 17 (SIGCHLD) received from 37
2023/01/07 19:52:19 [notice] 1#1: worker process 37 exited with code 0
2023/01/07 19:52:19 [notice] 1#1: signal 29 (SIGIO) received
2023/01/07 19:52:19 [notice] 1#1: signal 17 (SIGCHLD) received from 36
2023/01/07 19:52:19 [notice] 1#1: worker process 36 exited with code 0
2023/01/07 19:52:19 [notice] 1#1: signal 29 (SIGIO) received
2023/01/07 19:52:19 [notice] 1#1: signal 17 (SIGCHLD) received from 35
2023/01/07 19:52:19 [notice] 1#1: worker process 34 exited with code 0
2023/01/07 19:52:19 [notice] 1#1: worker process 35 exited with code 0
2023/01/07 19:52:19 [notice] 1#1: exit
2023/01/07 19:52:22 [notice] 1#1: using the "epoll" event method
2023/01/07 19:52:22 [notice] 1#1: nginx/1.23.3
2023/01/07 19:52:22 [notice] 1#1: built by gcc 10.2.1 20210110 (Debian 10.2.1-6) 
2023/01/07 19:52:22 [notice] 1#1: OS: Linux 6.0.15-200.fc36.x86_64
2023/01/07 19:52:22 [notice] 1#1: getrlimit(RLIMIT_NOFILE): 1073741816:1073741816
2023/01/07 19:52:22 [notice] 1#1: start worker processes
2023/01/07 19:52:22 [notice] 1#1: start worker process 35
2023/01/07 19:52:22 [notice] 1#1: start worker process 36
2023/01/07 19:52:22 [notice] 1#1: start worker process 37
2023/01/07 19:52:22 [notice] 1#1: start worker process 38
2023/01/07 19:52:43 [error] 35#35: *1 open() "/var/www/html/1.jpg" failed (2: No such file or directory), client: 192.168.0.1, server: localhost, request: "HEAD /1.jpg HTTP/1.1", host: "localhost"
2023/01/07 19:52:56 [error] 37#37: *2 open() "/var/www/html/1.jpg" failed (2: No such file or directory), client: 192.168.0.1, server: localhost, request: "HEAD /1.jpg HTTP/1.1", host: "localhost"
2023/01/07 19:53:30 [notice] 1#1: signal 3 (SIGQUIT) received, shutting down
2023/01/07 19:53:30 [notice] 37#37: gracefully shutting down
2023/01/07 19:53:30 [notice] 35#35: gracefully shutting down
2023/01/07 19:53:30 [notice] 37#37: exiting
2023/01/07 19:53:30 [notice] 38#38: gracefully shutting down
2023/01/07 19:53:30 [notice] 35#35: exiting
2023/01/07 19:53:30 [notice] 38#38: exiting
2023/01/07 19:53:30 [notice] 37#37: exit
2023/01/07 19:53:30 [notice] 35#35: exit
2023/01/07 19:53:30 [notice] 38#38: exit
2023/01/07 19:53:30 [notice] 36#36: gracefully shutting down
2023/01/07 19:53:30 [notice] 36#36: exiting
2023/01/07 19:53:30 [notice] 36#36: exit
2023/01/07 19:53:30 [notice] 1#1: signal 17 (SIGCHLD) received from 35
2023/01/07 19:53:30 [notice] 1#1: worker process 35 exited with code 0
2023/01/07 19:53:30 [notice] 1#1: signal 29 (SIGIO) received
2023/01/07 19:53:30 [notice] 1#1: signal 17 (SIGCHLD) received from 37
2023/01/07 19:53:30 [notice] 1#1: worker process 37 exited with code 0
2023/01/07 19:53:30 [notice] 1#1: signal 29 (SIGIO) received
2023/01/07 19:53:30 [notice] 1#1: signal 17 (SIGCHLD) received from 38
2023/01/07 19:53:30 [notice] 1#1: worker process 38 exited with code 0
2023/01/07 19:53:30 [notice] 1#1: signal 29 (SIGIO) received
2023/01/07 19:53:30 [notice] 1#1: signal 17 (SIGCHLD) received from 36
2023/01/07 19:53:30 [notice] 1#1: worker process 36 exited with code 0
2023/01/07 19:53:30 [notice] 1#1: exit
2023/01/07 19:53:33 [emerg] 1#1: invalid number of arguments in "root" directive in /etc/nginx/conf.d/default.conf:30
2023/01/07 19:53:34 [emerg] 1#1: invalid number of arguments in "root" directive in /etc/nginx/conf.d/default.conf:30
2023/01/07 19:53:35 [emerg] 1#1: invalid number of arguments in "root" directive in /etc/nginx/conf.d/default.conf:30
2023/01/07 19:53:36 [emerg] 1#1: invalid number of arguments in "root" directive in /etc/nginx/conf.d/default.conf:30
2023/01/07 19:53:38 [emerg] 1#1: invalid number of arguments in "root" directive in /etc/nginx/conf.d/default.conf:30
2023/01/07 19:53:40 [emerg] 1#1: invalid number of arguments in "root" directive in /etc/nginx/conf.d/default.conf:30
2023/01/07 19:53:44 [emerg] 1#1: invalid number of arguments in "root" directive in /etc/nginx/conf.d/default.conf:30
2023/01/07 19:53:51 [emerg] 1#1: invalid number of arguments in "root" directive in /etc/nginx/conf.d/default.conf:30
2023/01/07 19:54:04 [emerg] 1#1: invalid number of arguments in "root" directive in /etc/nginx/conf.d/default.conf:30
2023/01/07 19:54:17 [notice] 1#1: using the "epoll" event method
2023/01/07 19:54:17 [notice] 1#1: nginx/1.23.3
2023/01/07 19:54:17 [notice] 1#1: built by gcc 10.2.1 20210110 (Debian 10.2.1-6) 
2023/01/07 19:54:17 [notice] 1#1: OS: Linux 6.0.15-200.fc36.x86_64
2023/01/07 19:54:17 [notice] 1#1: getrlimit(RLIMIT_NOFILE): 1073741816:1073741816
2023/01/07 19:54:17 [notice] 1#1: start worker processes
2023/01/07 19:54:17 [notice] 1#1: start worker process 34
2023/01/07 19:54:17 [notice] 1#1: start worker process 35
2023/01/07 19:54:17 [notice] 1#1: start worker process 36
2023/01/07 19:54:17 [notice] 1#1: start worker process 37
2023/01/07 19:55:22 [error] 35#35: *2 open() "/var/www/html/images/images/1.jpg" failed (2: No such file or directory), client: 192.168.32.1, server: localhost, request: "HEAD /images/1.jpg HTTP/1.1", host: "localhost"
2023/01/07 19:55:52 [notice] 1#1: signal 3 (SIGQUIT) received, shutting down
2023/01/07 19:55:52 [notice] 34#34: gracefully shutting down
2023/01/07 19:55:52 [notice] 35#35: gracefully shutting down
2023/01/07 19:55:52 [notice] 36#36: gracefully shutting down
2023/01/07 19:55:52 [notice] 37#37: gracefully shutting down
2023/01/07 19:55:52 [notice] 34#34: exiting
2023/01/07 19:55:52 [notice] 37#37: exiting
2023/01/07 19:55:52 [notice] 35#35: exiting
2023/01/07 19:55:52 [notice] 36#36: exiting
2023/01/07 19:55:52 [notice] 37#37: exit
2023/01/07 19:55:52 [notice] 34#34: exit
2023/01/07 19:55:52 [notice] 35#35: exit
2023/01/07 19:55:52 [notice] 36#36: exit
2023/01/07 19:55:52 [notice] 1#1: signal 17 (SIGCHLD) received from 34
2023/01/07 19:55:52 [notice] 1#1: worker process 34 exited with code 0
2023/01/07 19:55:52 [notice] 1#1: signal 29 (SIGIO) received
2023/01/07 19:55:52 [notice] 1#1: signal 17 (SIGCHLD) received from 37
2023/01/07 19:55:52 [notice] 1#1: worker process 37 exited with code 0
2023/01/07 19:55:52 [notice] 1#1: signal 29 (SIGIO) received
2023/01/07 19:55:52 [notice] 1#1: signal 17 (SIGCHLD) received from 36
2023/01/07 19:55:52 [notice] 1#1: worker process 36 exited with code 0
2023/01/07 19:55:52 [notice] 1#1: signal 29 (SIGIO) received
2023/01/07 19:55:52 [notice] 1#1: signal 17 (SIGCHLD) received from 35
2023/01/07 19:55:52 [notice] 1#1: worker process 35 exited with code 0
2023/01/07 19:55:52 [notice] 1#1: exit
2023/01/07 19:55:55 [notice] 1#1: using the "epoll" event method
2023/01/07 19:55:55 [notice] 1#1: nginx/1.23.3
2023/01/07 19:55:55 [notice] 1#1: built by gcc 10.2.1 20210110 (Debian 10.2.1-6) 
2023/01/07 19:55:55 [notice] 1#1: OS: Linux 6.0.15-200.fc36.x86_64
2023/01/07 19:55:55 [notice] 1#1: getrlimit(RLIMIT_NOFILE): 1073741816:1073741816
2023/01/07 19:55:55 [notice] 1#1: start worker processes
2023/01/07 19:55:55 [notice] 1#1: start worker process 34
2023/01/07 19:55:55 [notice] 1#1: start worker process 35
2023/01/07 19:55:55 [notice] 1#1: start worker process 36
2023/01/07 19:55:55 [notice] 1#1: start worker process 37
2023/01/07 19:56:14 [error] 34#34: *1 open() "/var/www/html/images/images/1.jpg" failed (2: No such file or directory), client: 192.168.48.1, server: localhost, request: "HEAD /images/1.jpg HTTP/1.1", host: "localhost"
2023/01/07 19:56:37 [notice] 1#1: signal 3 (SIGQUIT) received, shutting down
2023/01/07 19:56:37 [notice] 34#34: gracefully shutting down
2023/01/07 19:56:37 [notice] 34#34: exiting
2023/01/07 19:56:37 [notice] 34#34: exit
2023/01/07 19:56:37 [notice] 35#35: gracefully shutting down
2023/01/07 19:56:37 [notice] 35#35: exiting
2023/01/07 19:56:37 [notice] 35#35: exit
2023/01/07 19:56:37 [notice] 36#36: gracefully shutting down
2023/01/07 19:56:37 [notice] 36#36: exiting
2023/01/07 19:56:37 [notice] 36#36: exit
2023/01/07 19:56:37 [notice] 37#37: gracefully shutting down
2023/01/07 19:56:37 [notice] 37#37: exiting
2023/01/07 19:56:37 [notice] 37#37: exit
2023/01/07 19:56:37 [notice] 1#1: signal 17 (SIGCHLD) received from 35
2023/01/07 19:56:37 [notice] 1#1: worker process 35 exited with code 0
2023/01/07 19:56:37 [notice] 1#1: signal 29 (SIGIO) received
2023/01/07 19:56:37 [notice] 1#1: signal 17 (SIGCHLD) received from 37
2023/01/07 19:56:37 [notice] 1#1: worker process 37 exited with code 0
2023/01/07 19:56:37 [notice] 1#1: signal 29 (SIGIO) received
2023/01/07 19:56:37 [notice] 1#1: signal 17 (SIGCHLD) received from 36
2023/01/07 19:56:37 [notice] 1#1: worker process 36 exited with code 0
2023/01/07 19:56:37 [notice] 1#1: signal 29 (SIGIO) received
2023/01/07 19:56:37 [notice] 1#1: signal 17 (SIGCHLD) received from 34
2023/01/07 19:56:37 [notice] 1#1: worker process 34 exited with code 0
2023/01/07 19:56:37 [notice] 1#1: exit
2023/01/07 19:56:48 [notice] 1#1: using the "epoll" event method
2023/01/07 19:56:48 [notice] 1#1: nginx/1.23.3
2023/01/07 19:56:48 [notice] 1#1: built by gcc 10.2.1 20210110 (Debian 10.2.1-6) 
2023/01/07 19:56:48 [notice] 1#1: OS: Linux 6.0.15-200.fc36.x86_64
2023/01/07 19:56:48 [notice] 1#1: getrlimit(RLIMIT_NOFILE): 1073741816:1073741816
2023/01/07 19:56:48 [notice] 1#1: start worker processes
2023/01/07 19:56:48 [notice] 1#1: start worker process 33
2023/01/07 19:56:48 [notice] 1#1: start worker process 34
2023/01/07 19:56:48 [notice] 1#1: start worker process 35
2023/01/07 19:56:48 [notice] 1#1: start worker process 36
2023/01/07 20:01:45 [notice] 1#1: signal 3 (SIGQUIT) received, shutting down
2023/01/07 20:01:45 [notice] 33#33: gracefully shutting down
2023/01/07 20:01:45 [notice] 36#36: gracefully shutting down
2023/01/07 20:01:45 [notice] 35#35: gracefully shutting down
2023/01/07 20:01:45 [notice] 33#33: exiting
2023/01/07 20:01:45 [notice] 36#36: exiting
2023/01/07 20:01:45 [notice] 35#35: exiting
2023/01/07 20:01:45 [notice] 33#33: exit
2023/01/07 20:01:45 [notice] 36#36: exit
2023/01/07 20:01:45 [notice] 35#35: exit
2023/01/07 20:01:45 [notice] 34#34: gracefully shutting down
2023/01/07 20:01:45 [notice] 34#34: exiting
2023/01/07 20:01:45 [notice] 34#34: exit
2023/01/07 20:01:45 [notice] 1#1: signal 17 (SIGCHLD) received from 33
2023/01/07 20:01:45 [notice] 1#1: worker process 33 exited with code 0
2023/01/07 20:01:45 [notice] 1#1: signal 29 (SIGIO) received
2023/01/07 20:01:45 [notice] 1#1: signal 17 (SIGCHLD) received from 35
2023/01/07 20:01:45 [notice] 1#1: worker process 35 exited with code 0
2023/01/07 20:01:45 [notice] 1#1: signal 29 (SIGIO) received
2023/01/07 20:01:45 [notice] 1#1: signal 17 (SIGCHLD) received from 36
2023/01/07 20:01:45 [notice] 1#1: worker process 36 exited with code 0
2023/01/07 20:01:45 [notice] 1#1: signal 29 (SIGIO) received
2023/01/07 20:01:45 [notice] 1#1: signal 17 (SIGCHLD) received from 34
2023/01/07 20:01:45 [notice] 1#1: worker process 34 exited with code 0
2023/01/07 20:01:45 [notice] 1#1: exit
2023/01/07 20:02:12 [notice] 1#1: using the "epoll" event method
2023/01/07 20:02:12 [notice] 1#1: nginx/1.23.3
2023/01/07 20:02:12 [notice] 1#1: built by gcc 10.2.1 20210110 (Debian 10.2.1-6) 
2023/01/07 20:02:12 [notice] 1#1: OS: Linux 6.0.15-200.fc36.x86_64
2023/01/07 20:02:12 [notice] 1#1: getrlimit(RLIMIT_NOFILE): 1073741816:1073741816
2023/01/07 20:02:12 [notice] 1#1: start worker processes
2023/01/07 20:02:12 [notice] 1#1: start worker process 34
2023/01/07 20:02:12 [notice] 1#1: start worker process 35
2023/01/07 20:02:12 [notice] 1#1: start worker process 36
2023/01/07 20:02:12 [notice] 1#1: start worker process 37
2023/01/07 20:02:27 [error] 34#34: *1 open() "/var/www/html/images/2.jpeg" failed (2: No such file or directory), client: 192.168.80.1, server: localhost, request: "HEAD /images/2.jpeg HTTP/1.1", host: "localhost"
2023/01/07 20:05:51 [error] 35#35: *2 open() "/var/www/html/images_regex/b/2.jpeg" failed (2: No such file or directory), client: 192.168.80.1, server: localhost, request: "HEAD /b/2.jpeg HTTP/1.1", host: "localhost"
2023/01/07 20:10:17 [notice] 1#1: signal 3 (SIGQUIT) received, shutting down
2023/01/07 20:10:17 [notice] 34#34: gracefully shutting down
2023/01/07 20:10:17 [notice] 37#37: gracefully shutting down
2023/01/07 20:10:17 [notice] 35#35: gracefully shutting down
2023/01/07 20:10:17 [notice] 34#34: exiting
2023/01/07 20:10:17 [notice] 37#37: exiting
2023/01/07 20:10:17 [notice] 35#35: exiting
2023/01/07 20:10:17 [notice] 37#37: exit
2023/01/07 20:10:17 [notice] 34#34: exit
2023/01/07 20:10:17 [notice] 35#35: exit
2023/01/07 20:10:17 [notice] 36#36: gracefully shutting down
2023/01/07 20:10:17 [notice] 36#36: exiting
2023/01/07 20:10:17 [notice] 36#36: exit
2023/01/07 20:10:17 [notice] 1#1: signal 17 (SIGCHLD) received from 35
2023/01/07 20:10:17 [notice] 1#1: worker process 35 exited with code 0
2023/01/07 20:10:17 [notice] 1#1: signal 29 (SIGIO) received
2023/01/07 20:10:17 [notice] 1#1: signal 17 (SIGCHLD) received from 36
2023/01/07 20:10:17 [notice] 1#1: worker process 36 exited with code 0
2023/01/07 20:10:17 [notice] 1#1: signal 29 (SIGIO) received
2023/01/07 20:10:17 [notice] 1#1: signal 17 (SIGCHLD) received from 37
2023/01/07 20:10:17 [notice] 1#1: worker process 34 exited with code 0
2023/01/07 20:10:17 [notice] 1#1: worker process 37 exited with code 0
2023/01/07 20:10:17 [notice] 1#1: exit
2023/01/07 20:10:20 [emerg] 1#1: "log_format" directive is not allowed here in /etc/nginx/conf.d/default.conf:7
2023/01/07 20:10:21 [emerg] 1#1: "log_format" directive is not allowed here in /etc/nginx/conf.d/default.conf:7
2023/01/07 20:10:21 [emerg] 1#1: "log_format" directive is not allowed here in /etc/nginx/conf.d/default.conf:7
2023/01/07 20:10:23 [emerg] 1#1: "log_format" directive is not allowed here in /etc/nginx/conf.d/default.conf:7
2023/01/07 20:10:24 [emerg] 1#1: "log_format" directive is not allowed here in /etc/nginx/conf.d/default.conf:7
2023/01/07 20:10:26 [emerg] 1#1: "log_format" directive is not allowed here in /etc/nginx/conf.d/default.conf:7
2023/01/07 20:10:30 [emerg] 1#1: "log_format" directive is not allowed here in /etc/nginx/conf.d/default.conf:7
2023/01/07 20:10:37 [emerg] 1#1: "log_format" directive is not allowed here in /etc/nginx/conf.d/default.conf:7
2023/01/07 20:10:51 [emerg] 1#1: "log_format" directive is not allowed here in /etc/nginx/conf.d/default.conf:7
2023/01/07 20:11:06 [notice] 1#1: using the "epoll" event method
2023/01/07 20:11:06 [notice] 1#1: nginx/1.23.3
2023/01/07 20:11:06 [notice] 1#1: built by gcc 10.2.1 20210110 (Debian 10.2.1-6) 
2023/01/07 20:11:06 [notice] 1#1: OS: Linux 6.0.15-200.fc36.x86_64
2023/01/07 20:11:06 [notice] 1#1: getrlimit(RLIMIT_NOFILE): 1073741816:1073741816
2023/01/07 20:11:06 [notice] 1#1: start worker processes
2023/01/07 20:11:06 [notice] 1#1: start worker process 34
2023/01/07 20:11:06 [notice] 1#1: start worker process 35
2023/01/07 20:11:06 [notice] 1#1: start worker process 36
2023/01/07 20:11:06 [notice] 1#1: start worker process 37
2023/01/07 20:11:13 [error] 34#34: *1 open() "/var/www/html/images_regex/b/2.jpeg" failed (2: No such file or directory), client: 192.168.112.1, server: localhost, request: "HEAD /b/2.jpeg HTTP/1.1", host: "localhost"
2023/01/07 20:14:29 [notice] 1#1: signal 3 (SIGQUIT) received, shutting down
2023/01/07 20:14:29 [notice] 37#37: gracefully shutting down
2023/01/07 20:14:29 [notice] 37#37: exiting
2023/01/07 20:14:29 [notice] 34#34: gracefully shutting down
2023/01/07 20:14:29 [notice] 35#35: gracefully shutting down
2023/01/07 20:14:29 [notice] 36#36: gracefully shutting down
2023/01/07 20:14:29 [notice] 34#34: exiting
2023/01/07 20:14:29 [notice] 37#37: exit
2023/01/07 20:14:29 [notice] 35#35: exiting
2023/01/07 20:14:29 [notice] 36#36: exiting
2023/01/07 20:14:29 [notice] 34#34: exit
2023/01/07 20:14:29 [notice] 35#35: exit
2023/01/07 20:14:29 [notice] 36#36: exit
2023/01/07 20:14:29 [notice] 1#1: signal 17 (SIGCHLD) received from 34
2023/01/07 20:14:29 [notice] 1#1: worker process 34 exited with code 0
2023/01/07 20:14:29 [notice] 1#1: signal 29 (SIGIO) received
2023/01/07 20:14:29 [notice] 1#1: signal 17 (SIGCHLD) received from 37
2023/01/07 20:14:29 [notice] 1#1: worker process 36 exited with code 0
2023/01/07 20:14:29 [notice] 1#1: worker process 35 exited with code 0
2023/01/07 20:14:29 [notice] 1#1: worker process 37 exited with code 0
2023/01/07 20:14:29 [notice] 1#1: exit
2023/01/07 20:14:39 [notice] 1#1: using the "epoll" event method
2023/01/07 20:14:39 [notice] 1#1: nginx/1.23.3
2023/01/07 20:14:39 [notice] 1#1: built by gcc 10.2.1 20210110 (Debian 10.2.1-6) 
2023/01/07 20:14:39 [notice] 1#1: OS: Linux 6.0.15-200.fc36.x86_64
2023/01/07 20:14:39 [notice] 1#1: getrlimit(RLIMIT_NOFILE): 1073741816:1073741816
2023/01/07 20:14:39 [notice] 1#1: start worker processes
2023/01/07 20:14:39 [notice] 1#1: start worker process 34
2023/01/07 20:14:39 [notice] 1#1: start worker process 35
2023/01/07 20:14:39 [notice] 1#1: start worker process 36
2023/01/07 20:14:39 [notice] 1#1: start worker process 37
2023/01/07 20:34:38 [notice] 1#1: signal 3 (SIGQUIT) received, shutting down
2023/01/07 20:34:38 [notice] 36#36: gracefully shutting down
2023/01/07 20:34:38 [notice] 35#35: gracefully shutting down
2023/01/07 20:34:38 [notice] 36#36: exiting
2023/01/07 20:34:38 [notice] 35#35: exiting
2023/01/07 20:34:38 [notice] 36#36: exit
2023/01/07 20:34:38 [notice] 35#35: exit
2023/01/07 20:34:38 [notice] 34#34: gracefully shutting down
2023/01/07 20:34:38 [notice] 37#37: gracefully shutting down
2023/01/07 20:34:38 [notice] 34#34: exiting
2023/01/07 20:34:38 [notice] 37#37: exiting
2023/01/07 20:34:38 [notice] 34#34: exit
2023/01/07 20:34:38 [notice] 37#37: exit
2023/01/07 20:34:38 [notice] 1#1: signal 17 (SIGCHLD) received from 37
2023/01/07 20:34:38 [notice] 1#1: worker process 37 exited with code 0
2023/01/07 20:34:38 [notice] 1#1: signal 29 (SIGIO) received
2023/01/07 20:34:38 [notice] 1#1: signal 17 (SIGCHLD) received from 35
2023/01/07 20:34:38 [notice] 1#1: worker process 35 exited with code 0
2023/01/07 20:34:38 [notice] 1#1: signal 29 (SIGIO) received
2023/01/07 20:34:38 [notice] 1#1: signal 17 (SIGCHLD) received from 36
2023/01/07 20:34:38 [notice] 1#1: worker process 36 exited with code 0
2023/01/07 20:34:38 [notice] 1#1: signal 29 (SIGIO) received
2023/01/07 20:34:38 [notice] 1#1: signal 17 (SIGCHLD) received from 34
2023/01/07 20:34:38 [notice] 1#1: worker process 34 exited with code 0
2023/01/07 20:34:38 [notice] 1#1: exit
2023/01/07 20:35:01 [notice] 1#1: using the "epoll" event method
2023/01/07 20:35:01 [notice] 1#1: nginx/1.23.3
2023/01/07 20:35:01 [notice] 1#1: built by gcc 10.2.1 20210110 (Debian 10.2.1-6) 
2023/01/07 20:35:01 [notice] 1#1: OS: Linux 6.0.15-200.fc36.x86_64
2023/01/07 20:35:01 [notice] 1#1: getrlimit(RLIMIT_NOFILE): 1073741816:1073741816
2023/01/07 20:35:01 [notice] 1#1: start worker processes
2023/01/07 20:35:01 [notice] 1#1: start worker process 34
2023/01/07 20:35:01 [notice] 1#1: start worker process 35
2023/01/07 20:35:01 [notice] 1#1: start worker process 36
2023/01/07 20:35:01 [notice] 1#1: start worker process 37
2023/01/07 20:35:41 [notice] 1#1: signal 3 (SIGQUIT) received, shutting down
2023/01/07 20:35:41 [notice] 34#34: gracefully shutting down
2023/01/07 20:35:41 [notice] 34#34: exiting
2023/01/07 20:35:41 [notice] 35#35: gracefully shutting down
2023/01/07 20:35:41 [notice] 35#35: exiting
2023/01/07 20:35:41 [notice] 34#34: exit
2023/01/07 20:35:41 [notice] 37#37: gracefully shutting down
2023/01/07 20:35:41 [notice] 35#35: exit
2023/01/07 20:35:41 [notice] 37#37: exiting
2023/01/07 20:35:41 [notice] 37#37: exit
2023/01/07 20:35:41 [notice] 36#36: gracefully shutting down
2023/01/07 20:35:41 [notice] 36#36: exiting
2023/01/07 20:35:41 [notice] 36#36: exit
2023/01/07 20:35:41 [notice] 1#1: signal 17 (SIGCHLD) received from 34
2023/01/07 20:35:41 [notice] 1#1: worker process 34 exited with code 0
2023/01/07 20:35:41 [notice] 1#1: signal 29 (SIGIO) received
2023/01/07 20:35:41 [notice] 1#1: signal 17 (SIGCHLD) received from 35
2023/01/07 20:35:41 [notice] 1#1: worker process 35 exited with code 0
2023/01/07 20:35:41 [notice] 1#1: worker process 36 exited with code 0
2023/01/07 20:35:41 [notice] 1#1: signal 29 (SIGIO) received
2023/01/07 20:35:41 [notice] 1#1: signal 17 (SIGCHLD) received from 37
2023/01/07 20:35:41 [notice] 1#1: worker process 37 exited with code 0
2023/01/07 20:35:41 [notice] 1#1: exit
2023/01/07 20:35:44 [notice] 1#1: using the "epoll" event method
2023/01/07 20:35:44 [notice] 1#1: nginx/1.23.3
2023/01/07 20:35:44 [notice] 1#1: built by gcc 10.2.1 20210110 (Debian 10.2.1-6) 
2023/01/07 20:35:44 [notice] 1#1: OS: Linux 6.0.15-200.fc36.x86_64
2023/01/07 20:35:44 [notice] 1#1: getrlimit(RLIMIT_NOFILE): 1073741816:1073741816
2023/01/07 20:35:44 [notice] 1#1: start worker processes
2023/01/07 20:35:44 [notice] 1#1: start worker process 34
2023/01/07 20:35:44 [notice] 1#1: start worker process 35
2023/01/07 20:35:44 [notice] 1#1: start worker process 36
2023/01/07 20:35:44 [notice] 1#1: start worker process 37
2023/01/07 20:36:01 [notice] 1#1: signal 3 (SIGQUIT) received, shutting down
2023/01/07 20:36:01 [notice] 35#35: gracefully shutting down
2023/01/07 20:36:01 [notice] 35#35: exiting
2023/01/07 20:36:01 [notice] 37#37: gracefully shutting down
2023/01/07 20:36:01 [notice] 37#37: exiting
2023/01/07 20:36:01 [notice] 36#36: gracefully shutting down
2023/01/07 20:36:01 [notice] 35#35: exit
2023/01/07 20:36:01 [notice] 36#36: exiting
2023/01/07 20:36:01 [notice] 37#37: exit
2023/01/07 20:36:01 [notice] 36#36: exit
2023/01/07 20:36:01 [notice] 34#34: gracefully shutting down
2023/01/07 20:36:01 [notice] 34#34: exiting
2023/01/07 20:36:01 [notice] 34#34: exit
2023/01/07 20:36:01 [notice] 1#1: signal 17 (SIGCHLD) received from 36
2023/01/07 20:36:01 [notice] 1#1: worker process 36 exited with code 0
2023/01/07 20:36:01 [notice] 1#1: signal 29 (SIGIO) received
2023/01/07 20:36:01 [notice] 1#1: signal 17 (SIGCHLD) received from 34
2023/01/07 20:36:01 [notice] 1#1: worker process 34 exited with code 0
2023/01/07 20:36:01 [notice] 1#1: worker process 35 exited with code 0
2023/01/07 20:36:01 [notice] 1#1: signal 29 (SIGIO) received
2023/01/07 20:36:01 [notice] 1#1: signal 17 (SIGCHLD) received from 35
2023/01/07 20:36:01 [notice] 1#1: signal 17 (SIGCHLD) received from 37
2023/01/07 20:36:01 [notice] 1#1: worker process 37 exited with code 0
2023/01/07 20:36:01 [notice] 1#1: exit
2023/01/07 20:36:05 [notice] 1#1: using the "epoll" event method
2023/01/07 20:36:05 [notice] 1#1: nginx/1.23.3
2023/01/07 20:36:05 [notice] 1#1: built by gcc 10.2.1 20210110 (Debian 10.2.1-6) 
2023/01/07 20:36:05 [notice] 1#1: OS: Linux 6.0.15-200.fc36.x86_64
2023/01/07 20:36:05 [notice] 1#1: getrlimit(RLIMIT_NOFILE): 1073741816:1073741816
2023/01/07 20:36:05 [notice] 1#1: start worker processes
2023/01/07 20:36:05 [notice] 1#1: start worker process 34
2023/01/07 20:36:05 [notice] 1#1: start worker process 35
2023/01/07 20:36:05 [notice] 1#1: start worker process 36
2023/01/07 20:36:05 [notice] 1#1: start worker process 37
2023/01/07 20:36:21 [error] 34#34: *1 open() "/var/www/html/images_regex/jpeg" failed (2: No such file or directory), client: 192.168.192.1, server: localhost, request: "HEAD /images/2.jpeg HTTP/1.1", host: "localhost"
2023/01/07 20:48:05 [notice] 1#1: signal 3 (SIGQUIT) received, shutting down
2023/01/07 20:48:05 [notice] 36#36: gracefully shutting down
2023/01/07 20:48:05 [notice] 34#34: gracefully shutting down
2023/01/07 20:48:05 [notice] 36#36: exiting
2023/01/07 20:48:05 [notice] 34#34: exiting
2023/01/07 20:48:05 [notice] 36#36: exit
2023/01/07 20:48:05 [notice] 34#34: exit
2023/01/07 20:48:05 [notice] 35#35: gracefully shutting down
2023/01/07 20:48:05 [notice] 35#35: exiting
2023/01/07 20:48:05 [notice] 35#35: exit
2023/01/07 20:48:05 [notice] 37#37: gracefully shutting down
2023/01/07 20:48:05 [notice] 37#37: exiting
2023/01/07 20:48:05 [notice] 37#37: exit
2023/01/07 20:48:05 [notice] 1#1: signal 17 (SIGCHLD) received from 35
2023/01/07 20:48:05 [notice] 1#1: worker process 35 exited with code 0
2023/01/07 20:48:05 [notice] 1#1: signal 29 (SIGIO) received
2023/01/07 20:48:05 [notice] 1#1: signal 17 (SIGCHLD) received from 36
2023/01/07 20:48:05 [notice] 1#1: worker process 36 exited with code 0
2023/01/07 20:48:05 [notice] 1#1: signal 29 (SIGIO) received
2023/01/07 20:48:05 [notice] 1#1: signal 17 (SIGCHLD) received from 34
2023/01/07 20:48:05 [notice] 1#1: worker process 34 exited with code 0
2023/01/07 20:48:05 [notice] 1#1: signal 29 (SIGIO) received
2023/01/07 20:48:05 [notice] 1#1: signal 17 (SIGCHLD) received from 37
2023/01/07 20:48:05 [notice] 1#1: worker process 37 exited with code 0
2023/01/07 20:48:05 [notice] 1#1: exit
2023/01/07 20:48:08 [notice] 1#1: using the "epoll" event method
2023/01/07 20:48:08 [notice] 1#1: nginx/1.23.3
2023/01/07 20:48:08 [notice] 1#1: built by gcc 10.2.1 20210110 (Debian 10.2.1-6) 
2023/01/07 20:48:08 [notice] 1#1: OS: Linux 6.0.15-200.fc36.x86_64
2023/01/07 20:48:08 [notice] 1#1: getrlimit(RLIMIT_NOFILE): 1073741816:1073741816
2023/01/07 20:48:08 [notice] 1#1: start worker processes
2023/01/07 20:48:08 [notice] 1#1: start worker process 34
2023/01/07 20:48:08 [notice] 1#1: start worker process 35
2023/01/07 20:48:08 [notice] 1#1: start worker process 36
2023/01/07 20:48:08 [notice] 1#1: start worker process 37
2023/01/07 21:03:02 [notice] 1#1: signal 3 (SIGQUIT) received, shutting down
2023/01/07 21:03:02 [notice] 35#35: gracefully shutting down
2023/01/07 21:03:02 [notice] 35#35: exiting
2023/01/07 21:03:02 [notice] 37#37: gracefully shutting down
2023/01/07 21:03:02 [notice] 37#37: exiting
2023/01/07 21:03:02 [notice] 35#35: exit
2023/01/07 21:03:02 [notice] 37#37: exit
2023/01/07 21:03:02 [notice] 34#34: gracefully shutting down
2023/01/07 21:03:02 [notice] 34#34: exiting
2023/01/07 21:03:02 [notice] 34#34: exit
2023/01/07 21:03:02 [notice] 36#36: gracefully shutting down
2023/01/07 21:03:02 [notice] 36#36: exiting
2023/01/07 21:03:02 [notice] 36#36: exit
2023/01/07 21:03:02 [notice] 1#1: signal 17 (SIGCHLD) received from 37
2023/01/07 21:03:02 [notice] 1#1: worker process 37 exited with code 0
2023/01/07 21:03:02 [notice] 1#1: signal 29 (SIGIO) received
2023/01/07 21:03:02 [notice] 1#1: signal 17 (SIGCHLD) received from 35
2023/01/07 21:03:02 [notice] 1#1: worker process 35 exited with code 0
2023/01/07 21:03:02 [notice] 1#1: signal 29 (SIGIO) received
2023/01/07 21:03:02 [notice] 1#1: signal 17 (SIGCHLD) received from 36
2023/01/07 21:03:02 [notice] 1#1: worker process 36 exited with code 0
2023/01/07 21:03:02 [notice] 1#1: signal 29 (SIGIO) received
2023/01/07 21:03:02 [notice] 1#1: signal 17 (SIGCHLD) received from 34
2023/01/07 21:03:02 [notice] 1#1: worker process 34 exited with code 0
2023/01/07 21:03:02 [notice] 1#1: exit
2023/01/07 21:03:05 [notice] 1#1: using the "epoll" event method
2023/01/07 21:03:05 [notice] 1#1: nginx/1.23.3
2023/01/07 21:03:05 [notice] 1#1: built by gcc 10.2.1 20210110 (Debian 10.2.1-6) 
2023/01/07 21:03:05 [notice] 1#1: OS: Linux 6.0.15-200.fc36.x86_64
2023/01/07 21:03:05 [notice] 1#1: getrlimit(RLIMIT_NOFILE): 1073741816:1073741816
2023/01/07 21:03:05 [notice] 1#1: start worker processes
2023/01/07 21:03:05 [notice] 1#1: start worker process 34
2023/01/07 21:03:05 [notice] 1#1: start worker process 35
2023/01/07 21:03:05 [notice] 1#1: start worker process 36
2023/01/07 21:03:05 [notice] 1#1: start worker process 37
2023/01/07 21:06:22 [error] 35#35: *2 open() "/var/www/html/images_regex/images/1.jpeg" failed (2: No such file or directory), client: 192.168.224.1, server: localhost, request: "HEAD /images/1.jpeg HTTP/1.1", host: "localhost"
2023/01/07 21:07:19 [error] 37#37: *4 open() "/var/www/html/images_regex/images/1.jpeg" failed (2: No such file or directory), client: 192.168.224.1, server: localhost, request: "HEAD /images/1.jpeg HTTP/1.1", host: "localhost"
2023/01/07 21:11:12 [notice] 1#1: signal 3 (SIGQUIT) received, shutting down
2023/01/07 21:11:12 [notice] 34#34: gracefully shutting down
2023/01/07 21:11:12 [notice] 35#35: gracefully shutting down
2023/01/07 21:11:12 [notice] 37#37: gracefully shutting down
2023/01/07 21:11:12 [notice] 34#34: exiting
2023/01/07 21:11:12 [notice] 35#35: exiting
2023/01/07 21:11:12 [notice] 37#37: exiting
2023/01/07 21:11:12 [notice] 36#36: gracefully shutting down
2023/01/07 21:11:12 [notice] 35#35: exit
2023/01/07 21:11:12 [notice] 37#37: exit
2023/01/07 21:11:12 [notice] 34#34: exit
2023/01/07 21:11:12 [notice] 36#36: exiting
2023/01/07 21:11:12 [notice] 36#36: exit
2023/01/07 21:11:12 [notice] 1#1: signal 17 (SIGCHLD) received from 36
2023/01/07 21:11:12 [notice] 1#1: worker process 34 exited with code 0
2023/01/07 21:11:12 [notice] 1#1: worker process 35 exited with code 0
2023/01/07 21:11:12 [notice] 1#1: worker process 36 exited with code 0
2023/01/07 21:11:12 [notice] 1#1: signal 29 (SIGIO) received
2023/01/07 21:11:12 [notice] 1#1: signal 17 (SIGCHLD) received from 35
2023/01/07 21:11:12 [notice] 1#1: signal 17 (SIGCHLD) received from 37
2023/01/07 21:11:12 [notice] 1#1: worker process 37 exited with code 0
2023/01/07 21:11:12 [notice] 1#1: exit
2023/01/07 21:11:25 [notice] 1#1: using the "epoll" event method
2023/01/07 21:11:25 [notice] 1#1: nginx/1.23.3
2023/01/07 21:11:25 [notice] 1#1: built by gcc 10.2.1 20210110 (Debian 10.2.1-6) 
2023/01/07 21:11:25 [notice] 1#1: OS: Linux 6.0.15-200.fc36.x86_64
2023/01/07 21:11:25 [notice] 1#1: getrlimit(RLIMIT_NOFILE): 1073741816:1073741816
2023/01/07 21:11:25 [notice] 1#1: start worker processes
2023/01/07 21:11:25 [notice] 1#1: start worker process 33
2023/01/07 21:11:25 [notice] 1#1: start worker process 34
2023/01/07 21:11:25 [notice] 1#1: start worker process 35
2023/01/07 21:11:25 [notice] 1#1: start worker process 36
2023/01/07 21:11:58 [notice] 1#1: signal 3 (SIGQUIT) received, shutting down
2023/01/07 21:11:58 [notice] 33#33: gracefully shutting down
2023/01/07 21:11:58 [notice] 33#33: exiting
2023/01/07 21:11:58 [notice] 35#35: gracefully shutting down
2023/01/07 21:11:58 [notice] 35#35: exiting
2023/01/07 21:11:58 [notice] 33#33: exit
2023/01/07 21:11:58 [notice] 35#35: exit
2023/01/07 21:11:58 [notice] 36#36: gracefully shutting down
2023/01/07 21:11:58 [notice] 36#36: exiting
2023/01/07 21:11:58 [notice] 36#36: exit
2023/01/07 21:11:58 [notice] 34#34: gracefully shutting down
2023/01/07 21:11:58 [notice] 34#34: exiting
2023/01/07 21:11:58 [notice] 34#34: exit
2023/01/07 21:11:58 [notice] 1#1: signal 17 (SIGCHLD) received from 34
2023/01/07 21:11:58 [notice] 1#1: worker process 34 exited with code 0
2023/01/07 21:11:58 [notice] 1#1: signal 29 (SIGIO) received
2023/01/07 21:11:58 [notice] 1#1: signal 17 (SIGCHLD) received from 33
2023/01/07 21:11:58 [notice] 1#1: worker process 33 exited with code 0
2023/01/07 21:11:58 [notice] 1#1: signal 29 (SIGIO) received
2023/01/07 21:11:58 [notice] 1#1: signal 17 (SIGCHLD) received from 35
2023/01/07 21:11:58 [notice] 1#1: worker process 35 exited with code 0
2023/01/07 21:11:58 [notice] 1#1: signal 29 (SIGIO) received
2023/01/07 21:11:58 [notice] 1#1: signal 17 (SIGCHLD) received from 36
2023/01/07 21:11:58 [notice] 1#1: worker process 36 exited with code 0
2023/01/07 21:11:58 [notice] 1#1: exit
2023/01/07 21:12:03 [notice] 1#1: using the "epoll" event method
2023/01/07 21:12:03 [notice] 1#1: nginx/1.23.3
2023/01/07 21:12:03 [notice] 1#1: built by gcc 10.2.1 20210110 (Debian 10.2.1-6) 
2023/01/07 21:12:03 [notice] 1#1: OS: Linux 6.0.15-200.fc36.x86_64
2023/01/07 21:12:03 [notice] 1#1: getrlimit(RLIMIT_NOFILE): 1073741816:1073741816
2023/01/07 21:12:03 [notice] 1#1: start worker processes
2023/01/07 21:12:03 [notice] 1#1: start worker process 35
2023/01/07 21:12:03 [notice] 1#1: start worker process 36
2023/01/07 21:12:03 [notice] 1#1: start worker process 37
2023/01/07 21:12:03 [notice] 1#1: start worker process 38
2023/01/07 21:12:10 [error] 35#35: *1 open() "/var/www/html/images_regex/images/1.jpeg" failed (2: No such file or directory), client: 172.19.0.1, server: localhost, request: "HEAD /images/1.jpeg HTTP/1.1", host: "localhost"
2023/01/07 21:20:11 [notice] 1#1: signal 3 (SIGQUIT) received, shutting down
2023/01/07 21:20:11 [notice] 36#36: gracefully shutting down
2023/01/07 21:20:11 [notice] 35#35: gracefully shutting down
2023/01/07 21:20:11 [notice] 36#36: exiting
2023/01/07 21:20:11 [notice] 35#35: exiting
2023/01/07 21:20:11 [notice] 36#36: exit
2023/01/07 21:20:11 [notice] 35#35: exit
2023/01/07 21:20:11 [notice] 38#38: gracefully shutting down
2023/01/07 21:20:11 [notice] 38#38: exiting
2023/01/07 21:20:11 [notice] 38#38: exit
2023/01/07 21:20:11 [notice] 37#37: gracefully shutting down
2023/01/07 21:20:11 [notice] 37#37: exiting
2023/01/07 21:20:11 [notice] 37#37: exit
2023/01/07 21:20:12 [notice] 1#1: signal 17 (SIGCHLD) received from 38
2023/01/07 21:20:12 [notice] 1#1: worker process 35 exited with code 0
2023/01/07 21:20:12 [notice] 1#1: worker process 37 exited with code 0
2023/01/07 21:20:12 [notice] 1#1: worker process 38 exited with code 0
2023/01/07 21:20:12 [notice] 1#1: signal 29 (SIGIO) received
2023/01/07 21:20:12 [notice] 1#1: signal 17 (SIGCHLD) received from 36
2023/01/07 21:20:12 [notice] 1#1: worker process 36 exited with code 0
2023/01/07 21:20:12 [notice] 1#1: exit
2023/01/07 21:20:41 [notice] 1#1: using the "epoll" event method
2023/01/07 21:20:41 [notice] 1#1: nginx/1.23.3
2023/01/07 21:20:41 [notice] 1#1: built by gcc 10.2.1 20210110 (Debian 10.2.1-6) 
2023/01/07 21:20:41 [notice] 1#1: OS: Linux 6.0.15-200.fc36.x86_64
2023/01/07 21:20:41 [notice] 1#1: getrlimit(RLIMIT_NOFILE): 1073741816:1073741816
2023/01/07 21:20:41 [notice] 1#1: start worker processes
2023/01/07 21:20:41 [notice] 1#1: start worker process 34
2023/01/07 21:20:41 [notice] 1#1: start worker process 35
2023/01/07 21:20:41 [notice] 1#1: start worker process 36
2023/01/07 21:20:41 [notice] 1#1: start worker process 37
2023/01/07 21:20:44 [error] 34#34: *1 open() "/var/www/html/images_regex/images/1.jpeg" failed (2: No such file or directory), client: 172.20.0.1, server: localhost, request: "HEAD /images/1.jpeg HTTP/1.1", host: "localhost"
2023/01/07 21:22:42 [notice] 1#1: signal 3 (SIGQUIT) received, shutting down
2023/01/07 21:22:42 [notice] 34#34: gracefully shutting down
2023/01/07 21:22:42 [notice] 36#36: gracefully shutting down
2023/01/07 21:22:42 [notice] 34#34: exiting
2023/01/07 21:22:42 [notice] 36#36: exiting
2023/01/07 21:22:42 [notice] 34#34: exit
2023/01/07 21:22:42 [notice] 37#37: gracefully shutting down
2023/01/07 21:22:42 [notice] 36#36: exit
2023/01/07 21:22:42 [notice] 37#37: exiting
2023/01/07 21:22:42 [notice] 37#37: exit
2023/01/07 21:22:42 [notice] 35#35: gracefully shutting down
2023/01/07 21:22:42 [notice] 35#35: exiting
2023/01/07 21:22:42 [notice] 35#35: exit
2023/01/07 21:22:42 [notice] 1#1: signal 17 (SIGCHLD) received from 36
2023/01/07 21:22:42 [notice] 1#1: worker process 34 exited with code 0
2023/01/07 21:22:42 [notice] 1#1: worker process 36 exited with code 0
2023/01/07 21:22:42 [notice] 1#1: worker process 37 exited with code 0
2023/01/07 21:22:42 [notice] 1#1: signal 29 (SIGIO) received
2023/01/07 21:22:42 [notice] 1#1: signal 17 (SIGCHLD) received from 34
2023/01/07 21:22:42 [notice] 1#1: signal 17 (SIGCHLD) received from 35
2023/01/07 21:22:42 [notice] 1#1: worker process 35 exited with code 0
2023/01/07 21:22:42 [notice] 1#1: exit
2023/01/07 21:22:45 [notice] 1#1: using the "epoll" event method
2023/01/07 21:22:45 [notice] 1#1: nginx/1.23.3
2023/01/07 21:22:45 [notice] 1#1: built by gcc 10.2.1 20210110 (Debian 10.2.1-6) 
2023/01/07 21:22:45 [notice] 1#1: OS: Linux 6.0.15-200.fc36.x86_64
2023/01/07 21:22:45 [notice] 1#1: getrlimit(RLIMIT_NOFILE): 1073741816:1073741816
2023/01/07 21:22:45 [notice] 1#1: start worker processes
2023/01/07 21:22:45 [notice] 1#1: start worker process 34
2023/01/07 21:22:45 [notice] 1#1: start worker process 35
2023/01/07 21:22:45 [notice] 1#1: start worker process 36
2023/01/07 21:22:45 [notice] 1#1: start worker process 37
2023/01/07 21:23:26 [notice] 1#1: signal 3 (SIGQUIT) received, shutting down
2023/01/07 21:23:26 [notice] 36#36: gracefully shutting down
2023/01/07 21:23:26 [notice] 34#34: gracefully shutting down
2023/01/07 21:23:26 [notice] 35#35: gracefully shutting down
2023/01/07 21:23:26 [notice] 36#36: exiting
2023/01/07 21:23:26 [notice] 34#34: exiting
2023/01/07 21:23:26 [notice] 35#35: exiting
2023/01/07 21:23:26 [notice] 36#36: exit
2023/01/07 21:23:26 [notice] 34#34: exit
2023/01/07 21:23:26 [notice] 35#35: exit
2023/01/07 21:23:26 [notice] 37#37: gracefully shutting down
2023/01/07 21:23:26 [notice] 37#37: exiting
2023/01/07 21:23:26 [notice] 37#37: exit
2023/01/07 21:23:26 [notice] 1#1: signal 17 (SIGCHLD) received from 36
2023/01/07 21:23:26 [notice] 1#1: worker process 34 exited with code 0
2023/01/07 21:23:26 [notice] 1#1: worker process 35 exited with code 0
2023/01/07 21:23:26 [notice] 1#1: worker process 36 exited with code 0
2023/01/07 21:23:26 [notice] 1#1: signal 29 (SIGIO) received
2023/01/07 21:23:26 [notice] 1#1: signal 17 (SIGCHLD) received from 34
2023/01/07 21:23:26 [notice] 1#1: signal 17 (SIGCHLD) received from 37
2023/01/07 21:23:26 [notice] 1#1: worker process 37 exited with code 0
2023/01/07 21:23:26 [notice] 1#1: exit
2023/01/07 21:23:29 [notice] 1#1: using the "epoll" event method
2023/01/07 21:23:29 [notice] 1#1: nginx/1.23.3
2023/01/07 21:23:29 [notice] 1#1: built by gcc 10.2.1 20210110 (Debian 10.2.1-6) 
2023/01/07 21:23:29 [notice] 1#1: OS: Linux 6.0.15-200.fc36.x86_64
2023/01/07 21:23:29 [notice] 1#1: getrlimit(RLIMIT_NOFILE): 1073741816:1073741816
2023/01/07 21:23:29 [notice] 1#1: start worker processes
2023/01/07 21:23:29 [notice] 1#1: start worker process 34
2023/01/07 21:23:29 [notice] 1#1: start worker process 35
2023/01/07 21:23:29 [notice] 1#1: start worker process 36
2023/01/07 21:23:29 [notice] 1#1: start worker process 37
2023/01/07 21:23:35 [error] 35#35: *1 open() "/var/www/html/images_regex/images/1.jpeg" failed (2: No such file or directory), client: 172.22.0.1, server: localhost, request: "HEAD /images/1.jpeg HTTP/1.1", host: "localhost"
2023/01/07 21:25:19 [notice] 1#1: signal 3 (SIGQUIT) received, shutting down
2023/01/07 21:25:19 [notice] 34#34: gracefully shutting down
2023/01/07 21:25:19 [notice] 35#35: gracefully shutting down
2023/01/07 21:25:19 [notice] 37#37: gracefully shutting down
2023/01/07 21:25:19 [notice] 34#34: exiting
2023/01/07 21:25:19 [notice] 37#37: exiting
2023/01/07 21:25:19 [notice] 36#36: gracefully shutting down
2023/01/07 21:25:19 [notice] 35#35: exiting
2023/01/07 21:25:19 [notice] 34#34: exit
2023/01/07 21:25:19 [notice] 37#37: exit
2023/01/07 21:25:19 [notice] 36#36: exiting
2023/01/07 21:25:19 [notice] 35#35: exit
2023/01/07 21:25:19 [notice] 36#36: exit
2023/01/07 21:25:19 [notice] 1#1: signal 17 (SIGCHLD) received from 34
2023/01/07 21:25:19 [notice] 1#1: worker process 34 exited with code 0
2023/01/07 21:25:19 [notice] 1#1: signal 29 (SIGIO) received
2023/01/07 21:25:19 [notice] 1#1: signal 17 (SIGCHLD) received from 37
2023/01/07 21:25:19 [notice] 1#1: worker process 37 exited with code 0
2023/01/07 21:25:19 [notice] 1#1: signal 29 (SIGIO) received
2023/01/07 21:25:19 [notice] 1#1: signal 17 (SIGCHLD) received from 35
2023/01/07 21:25:19 [notice] 1#1: worker process 35 exited with code 0
2023/01/07 21:25:19 [notice] 1#1: signal 29 (SIGIO) received
2023/01/07 21:25:19 [notice] 1#1: signal 17 (SIGCHLD) received from 36
2023/01/07 21:25:19 [notice] 1#1: worker process 36 exited with code 0
2023/01/07 21:25:19 [notice] 1#1: exit
2023/01/07 21:25:22 [notice] 1#1: using the "epoll" event method
2023/01/07 21:25:22 [notice] 1#1: nginx/1.23.3
2023/01/07 21:25:22 [notice] 1#1: built by gcc 10.2.1 20210110 (Debian 10.2.1-6) 
2023/01/07 21:25:22 [notice] 1#1: OS: Linux 6.0.15-200.fc36.x86_64
2023/01/07 21:25:22 [notice] 1#1: getrlimit(RLIMIT_NOFILE): 1073741816:1073741816
2023/01/07 21:25:22 [notice] 1#1: start worker processes
2023/01/07 21:25:22 [notice] 1#1: start worker process 34
2023/01/07 21:25:22 [notice] 1#1: start worker process 35
2023/01/07 21:25:22 [notice] 1#1: start worker process 36
2023/01/07 21:25:22 [notice] 1#1: start worker process 37
2023/01/07 21:27:55 [error] 36#36: *2 open() "/var/www/html/1.jpeg" failed (2: No such file or directory), client: 172.23.0.1, server: localhost, request: "HEAD /1.jpeg HTTP/1.1", host: "localhost"
2023/01/07 21:28:04 [error] 35#35: *3 open() "/var/www/html/1.jpg" failed (2: No such file or directory), client: 172.23.0.1, server: localhost, request: "HEAD /1.jpg HTTP/1.1", host: "localhost"
2023/01/07 21:36:11 [notice] 1#1: signal 3 (SIGQUIT) received, shutting down
2023/01/07 21:36:11 [notice] 35#35: gracefully shutting down
2023/01/07 21:36:11 [notice] 34#34: gracefully shutting down
2023/01/07 21:36:11 [notice] 36#36: gracefully shutting down
2023/01/07 21:36:11 [notice] 35#35: exiting
2023/01/07 21:36:11 [notice] 34#34: exiting
2023/01/07 21:36:11 [notice] 36#36: exiting
2023/01/07 21:36:11 [notice] 35#35: exit
2023/01/07 21:36:11 [notice] 36#36: exit
2023/01/07 21:36:11 [notice] 34#34: exit
2023/01/07 21:36:11 [notice] 37#37: gracefully shutting down
2023/01/07 21:36:11 [notice] 37#37: exiting
2023/01/07 21:36:11 [notice] 37#37: exit
2023/01/07 21:36:11 [notice] 1#1: signal 17 (SIGCHLD) received from 36
2023/01/07 21:36:11 [notice] 1#1: worker process 35 exited with code 0
2023/01/07 21:36:11 [notice] 1#1: worker process 36 exited with code 0
2023/01/07 21:36:11 [notice] 1#1: signal 29 (SIGIO) received
2023/01/07 21:36:11 [notice] 1#1: signal 17 (SIGCHLD) received from 34
2023/01/07 21:36:11 [notice] 1#1: worker process 34 exited with code 0
2023/01/07 21:36:11 [notice] 1#1: signal 29 (SIGIO) received
2023/01/07 21:36:11 [notice] 1#1: signal 17 (SIGCHLD) received from 37
2023/01/07 21:36:11 [notice] 1#1: worker process 37 exited with code 0
2023/01/07 21:36:11 [notice] 1#1: exit
2023/01/07 21:36:15 [notice] 1#1: using the "epoll" event method
2023/01/07 21:36:15 [notice] 1#1: nginx/1.23.3
2023/01/07 21:36:15 [notice] 1#1: built by gcc 10.2.1 20210110 (Debian 10.2.1-6) 
2023/01/07 21:36:15 [notice] 1#1: OS: Linux 6.0.15-200.fc36.x86_64
2023/01/07 21:36:15 [notice] 1#1: getrlimit(RLIMIT_NOFILE): 1073741816:1073741816
2023/01/07 21:36:15 [notice] 1#1: start worker processes
2023/01/07 21:36:15 [notice] 1#1: start worker process 34
2023/01/07 21:36:15 [notice] 1#1: start worker process 35
2023/01/07 21:36:15 [notice] 1#1: start worker process 36
2023/01/07 21:36:15 [notice] 1#1: start worker process 37
2023/01/07 21:38:01 [notice] 1#1: signal 3 (SIGQUIT) received, shutting down
2023/01/07 21:38:01 [notice] 34#34: gracefully shutting down
2023/01/07 21:38:01 [notice] 37#37: gracefully shutting down
2023/01/07 21:38:01 [notice] 34#34: exiting
2023/01/07 21:38:01 [notice] 37#37: exiting
2023/01/07 21:38:01 [notice] 34#34: exit
2023/01/07 21:38:01 [notice] 37#37: exit
2023/01/07 21:38:01 [notice] 35#35: gracefully shutting down
2023/01/07 21:38:01 [notice] 35#35: exiting
2023/01/07 21:38:01 [notice] 35#35: exit
2023/01/07 21:38:01 [notice] 36#36: gracefully shutting down
2023/01/07 21:38:01 [notice] 36#36: exiting
2023/01/07 21:38:01 [notice] 36#36: exit
2023/01/07 21:38:01 [notice] 1#1: signal 17 (SIGCHLD) received from 34
2023/01/07 21:38:01 [notice] 1#1: worker process 34 exited with code 0
2023/01/07 21:38:01 [notice] 1#1: signal 29 (SIGIO) received
2023/01/07 21:38:01 [notice] 1#1: signal 17 (SIGCHLD) received from 37
2023/01/07 21:38:01 [notice] 1#1: worker process 35 exited with code 0
2023/01/07 21:38:01 [notice] 1#1: worker process 37 exited with code 0
2023/01/07 21:38:01 [notice] 1#1: signal 29 (SIGIO) received
2023/01/07 21:38:01 [notice] 1#1: signal 17 (SIGCHLD) received from 36
2023/01/07 21:38:01 [notice] 1#1: worker process 36 exited with code 0
2023/01/07 21:38:01 [notice] 1#1: exit
2023/01/07 21:38:04 [notice] 1#1: using the "epoll" event method
2023/01/07 21:38:04 [notice] 1#1: nginx/1.23.3
2023/01/07 21:38:04 [notice] 1#1: built by gcc 10.2.1 20210110 (Debian 10.2.1-6) 
2023/01/07 21:38:04 [notice] 1#1: OS: Linux 6.0.15-200.fc36.x86_64
2023/01/07 21:38:04 [notice] 1#1: getrlimit(RLIMIT_NOFILE): 1073741816:1073741816
2023/01/07 21:38:04 [notice] 1#1: start worker processes
2023/01/07 21:38:04 [notice] 1#1: start worker process 34
2023/01/07 21:38:04 [notice] 1#1: start worker process 35
2023/01/07 21:38:04 [notice] 1#1: start worker process 36
2023/01/07 21:38:04 [notice] 1#1: start worker process 37
2023/01/07 21:47:34 [error] 35#35: *2 open() "/var/www/html/type_regex/1.jpeg" failed (2: No such file or directory), client: 172.25.0.1, server: localhost, request: "HEAD /1.jpeg HTTP/1.1", host: "localhost"
2023/01/07 21:48:34 [error] 37#37: *3 open() "/var/www/html/type_regex/images/1.jpeg" failed (2: No such file or directory), client: 172.25.0.1, server: localhost, request: "HEAD /images/1.jpeg HTTP/1.1", host: "localhost"
2023/01/07 21:58:12 [error] 34#34: *5 open() "/var/www/html/location_regex/2.jpeg" failed (2: No such file or directory), client: 172.25.0.1, server: localhost, request: "HEAD /images_a/2.jpeg HTTP/1.1", host: "localhost"
2023/01/07 21:58:57 [error] 34#34: *6 open() "/var/www/html/location_regex/2.jpeg" failed (2: No such file or directory), client: 172.25.0.1, server: localhost, request: "HEAD /images_a/2.jpeg HTTP/1.1", host: "localhost"
2023/01/07 21:59:06 [error] 34#34: *7 open() "/var/www/html/location_regex/2.jpeg" failed (2: No such file or directory), client: 172.25.0.1, server: localhost, request: "HEAD /images_a/2.jpeg HTTP/1.1", host: "localhost"
2023/01/07 22:23:25 [notice] 1#1: signal 3 (SIGQUIT) received, shutting down
2023/01/07 22:23:25 [notice] 34#34: gracefully shutting down
2023/01/07 22:23:25 [notice] 37#37: gracefully shutting down
2023/01/07 22:23:25 [notice] 34#34: exiting
2023/01/07 22:23:25 [notice] 37#37: exiting
2023/01/07 22:23:25 [notice] 37#37: exit
2023/01/07 22:23:25 [notice] 34#34: exit
2023/01/07 22:23:25 [notice] 36#36: gracefully shutting down
2023/01/07 22:23:25 [notice] 36#36: exiting
2023/01/07 22:23:25 [notice] 36#36: exit
2023/01/07 22:23:25 [notice] 35#35: gracefully shutting down
2023/01/07 22:23:25 [notice] 35#35: exiting
2023/01/07 22:23:25 [notice] 35#35: exit
2023/01/07 22:23:25 [notice] 1#1: signal 17 (SIGCHLD) received from 37
2023/01/07 22:23:25 [notice] 1#1: worker process 34 exited with code 0
2023/01/07 22:23:25 [notice] 1#1: worker process 37 exited with code 0
2023/01/07 22:23:25 [notice] 1#1: signal 29 (SIGIO) received
2023/01/07 22:23:25 [notice] 1#1: signal 17 (SIGCHLD) received from 36
2023/01/07 22:23:25 [notice] 1#1: worker process 36 exited with code 0
2023/01/07 22:23:25 [notice] 1#1: signal 29 (SIGIO) received
2023/01/07 22:23:25 [notice] 1#1: signal 17 (SIGCHLD) received from 35
2023/01/07 22:23:25 [notice] 1#1: worker process 35 exited with code 0
2023/01/07 22:23:25 [notice] 1#1: exit
